[INFO] Scanning for projects...
[INFO] 
[INFO] ------------------------< com.hospital:backend >------------------------
[INFO] Building hospital-backend 0.0.1-SNAPSHOT
[INFO]   from pom.xml
[INFO] --------------------------------[ jar ]---------------------------------
[INFO] 
[INFO] >>> spring-boot:3.4.1:run (default-cli) > test-compile @ backend >>>
[INFO] 
[INFO] --- resources:3.3.1:resources (default-resources) @ backend ---
[INFO] Copying 4 resources from src\main\resources to target\classes
[INFO] Copying 28 resources from src\main\resources to target\classes
[INFO] 
[INFO] --- compiler:3.13.0:compile (default-compile) @ backend ---
[INFO] Recompiling the module because of changed source code.
[INFO] Compiling 415 source files with javac [debug parameters release 21] to target\classes
[INFO] Annotation processing is enabled because one or more processors were found
  on the class path. A future release of javac may disable annotation processing
  unless at least one processor is specified by name (-processor), or a search
  path is specified (--processor-path, --processor-module-path), or annotation
  processing is enabled explicitly (-proc:only, -proc:full).
  Use -Xlint:-options to suppress this message.
  Use -proc:none to disable annotation processing.
[INFO] /C:/Users/JUIF/inua/hospital-backend/src/main/java/com/hospital/backend/service/CompanyConsumptionService.java: Some input files use or override a deprecated API.
[INFO] /C:/Users/JUIF/inua/hospital-backend/src/main/java/com/hospital/backend/service/CompanyConsumptionService.java: Recompile with -Xlint:deprecation for details.
[INFO] /C:/Users/JUIF/inua/hospital-backend/src/main/java/com/hospital/backend/service/GeminiAiService.java: C:\Users\JUIF\inua\hospital-backend\src\main\java\com\hospital\backend\service\GeminiAiService.java uses unchecked or unsafe operations.
[INFO] /C:/Users/JUIF/inua/hospital-backend/src/main/java/com/hospital/backend/service/GeminiAiService.java: Recompile with -Xlint:unchecked for details.
[INFO] 
[INFO] --- resources:3.3.1:testResources (default-testResources) @ backend ---
[INFO] skip non existing resourceDirectory C:\Users\JUIF\inua\hospital-backend\src\test\resources
[INFO] 
[INFO] --- compiler:3.13.0:testCompile (default-testCompile) @ backend ---
[INFO] Recompiling the module because of changed dependency.
[INFO] Compiling 5 source files with javac [debug parameters release 21] to target\test-classes
[INFO] Annotation processing is enabled because one or more processors were found
  on the class path. A future release of javac may disable annotation processing
  unless at least one processor is specified by name (-processor), or a search
  path is specified (--processor-path, --processor-module-path), or annotation
  processing is enabled explicitly (-proc:only, -proc:full).
  Use -Xlint:-options to suppress this message.
  Use -proc:none to disable annotation processing.
[INFO] -------------------------------------------------------------
[WARNING] COMPILATION WARNING : 
[INFO] -------------------------------------------------------------
[WARNING] /C:/Users/JUIF/inua/hospital-backend/src/test/java/com/hospital/backend/controller/ConsultationControllerTest.java:[31,6] org.springframework.boot.test.mock.mockito.MockBean in org.springframework.boot.test.mock.mockito has been deprecated and marked for removal
[WARNING] /C:/Users/JUIF/inua/hospital-backend/src/test/java/com/hospital/backend/controller/ConsultationControllerTest.java:[31,6] org.springframework.boot.test.mock.mockito.MockBean in org.springframework.boot.test.mock.mockito has been deprecated and marked for removal
[WARNING] /C:/Users/JUIF/inua/hospital-backend/src/test/java/com/hospital/backend/controller/ConsultationControllerTest.java:[31,6] org.springframework.boot.test.mock.mockito.MockBean in org.springframework.boot.test.mock.mockito has been deprecated and marked for removal
[WARNING] /C:/Users/JUIF/inua/hospital-backend/src/test/java/com/hospital/backend/controller/ConsultationControllerTest.java:[31,6] org.springframework.boot.test.mock.mockito.MockBean in org.springframework.boot.test.mock.mockito has been deprecated and marked for removal
[WARNING] /C:/Users/JUIF/inua/hospital-backend/src/test/java/com/hospital/backend/controller/ConsultationControllerTest.java:[31,6] org.springframework.boot.test.mock.mockito.MockBean in org.springframework.boot.test.mock.mockito has been deprecated and marked for removal
[INFO] 5 warnings 
[INFO] -------------------------------------------------------------
[INFO] -------------------------------------------------------------
[ERROR] COMPILATION ERROR : 
[INFO] -------------------------------------------------------------
[ERROR] /C:/Users/JUIF/inua/hospital-backend/src/test/java/com/hospital/backend/service/ConsultationServiceTest.java:[233,46] no suitable method found for thenReturn(java.util.List<org.springframework.security.core.GrantedAuthority>)
    method org.mockito.stubbing.OngoingStubbing.thenReturn(java.util.Collection<capture#1 of ? extends org.springframework.security.core.GrantedAuthority>) is not applicable
      (argument mismatch; inference variable T has incompatible bounds
          equality constraints: capture#1 of ? extends org.springframework.security.core.GrantedAuthority
          lower bounds: org.springframework.security.core.GrantedAuthority)
    method org.mockito.stubbing.OngoingStubbing.thenReturn(java.util.Collection<capture#1 of ? extends org.springframework.security.core.GrantedAuthority>,java.util.Collection<capture#1 of ? extends org.springframework.security.core.GrantedAuthority>...) is not applicable
      (argument mismatch; inference variable T has incompatible bounds
          equality constraints: capture#1 of ? extends org.springframework.security.core.GrantedAuthority
          lower bounds: org.springframework.security.core.GrantedAuthority)
[INFO] 1 error
[INFO] -------------------------------------------------------------
[INFO] ------------------------------------------------------------------------
[INFO] BUILD FAILURE
[INFO] ------------------------------------------------------------------------
[INFO] Total time:  22.067 s
[INFO] Finished at: 2026-06-18T18:37:48+01:00
[INFO] ------------------------------------------------------------------------
[ERROR] Failed to execute goal org.apache.maven.plugins:maven-compiler-plugin:3.13.0:testCompile (default-testCompile) on project backend: Compilation failure
[ERROR] /C:/Users/JUIF/inua/hospital-backend/src/test/java/com/hospital/backend/service/ConsultationServiceTest.java:[233,46] no suitable method found for thenReturn(java.util.List<org.springframework.security.core.GrantedAuthority>)
[ERROR]     method org.mockito.stubbing.OngoingStubbing.thenReturn(java.util.Collection<capture#1 of ? extends org.springframework.security.core.GrantedAuthority>) is not applicable
[ERROR]       (argument mismatch; inference variable T has incompatible bounds
[ERROR]           equality constraints: capture#1 of ? extends org.springframework.security.core.GrantedAuthority
[ERROR]           lower bounds: org.springframework.security.core.GrantedAuthority)
[ERROR]     method org.mockito.stubbing.OngoingStubbing.thenReturn(java.util.Collection<capture#1 of ? extends org.springframework.security.core.GrantedAuthority>,java.util.Collection<capture#1 of ? extends org.springframework.security.core.GrantedAuthority>...) is not applicable
[ERROR]       (argument mismatch; inference variable T has incompatible bounds
[ERROR]           equality constraints: capture#1 of ? extends org.springframework.security.core.GrantedAuthority
[ERROR]           lower bounds: org.springframework.security.core.GrantedAuthority)
[ERROR] 
[ERROR] -> [Help 1]
[ERROR] 
[ERROR] To see the full stack trace of the errors, re-run Maven with the -e switch.
[ERROR] Re-run Maven using the -X switch to enable full debug logging.
[ERROR] 
[ERROR] For more information about the errors and possible solutions, please read the following articles:
[ERROR] [Help 1] http://cwiki.apache.org/confluence/display/MAVEN/MojoFailureException
